{"level":"error","message":"500 Cannot read property '_id' of undefined","label":"api.service/index.js","timestamp":"2014-12-25T11:45:15.476Z"}
{"level":"error","message":"500 Cannot read property '_id' of undefined","label":"api.service/index.js","timestamp":"2014-12-25T11:46:41.369Z"}
{"level":"error","message":"500 Cannot read property '_id' of undefined","label":"api.service/index.js","timestamp":"2014-12-25T11:48:25.508Z"}
{"level":"error","message":"Wrong login or password","label":"auth.service/api.js","timestamp":"2014-12-25T11:48:58.539Z"}
{"status":400,"message":"signin error","level":"error","label":"controllers/user.js","timestamp":"2014-12-25T11:48:58.640Z"}
{"level":"error","message":"Wrong login or password","label":"auth.service/api.js","timestamp":"2014-12-25T11:49:02.799Z"}
{"status":400,"message":"signin error","level":"error","label":"controllers/user.js","timestamp":"2014-12-25T11:49:02.801Z"}
{"level":"error","message":"Wrong login or password","label":"auth.service/api.js","timestamp":"2014-12-25T11:49:10.842Z"}
{"status":400,"message":"signin error","level":"error","label":"controllers/user.js","timestamp":"2014-12-25T11:49:10.843Z"}
{"level":"error","message":"Wrong login or password","label":"auth.service/api.js","timestamp":"2014-12-25T11:49:12.739Z"}
{"status":400,"message":"signin error","level":"error","label":"controllers/user.js","timestamp":"2014-12-25T11:49:12.741Z"}
{"level":"error","message":"500 Cannot read property '_id' of undefined","label":"api.service/index.js","timestamp":"2014-12-25T11:50:16.594Z"}
{"level":"error","message":"No token","label":"middleware/checkAuth.js","timestamp":"2014-12-25T11:51:40.276Z"}
{"status":500,"message":"Search error","level":"error","label":"rss/search.js","timestamp":"2014-12-25T12:09:03.659Z"}
{"status":500,"message":"Search error","level":"error","label":"rss/search.js","timestamp":"2014-12-25T12:09:03.664Z"}
{"level":"error","message":"Remote service disconnect.","label":"client/index.js","timestamp":"2014-12-25T12:12:01.091Z"}
{"level":"error","message":"Remote service disconnect.","label":"client/index.js","timestamp":"2014-12-25T12:15:44.284Z"}
{"level":"error","message":"Doesn't have connection to remote service","label":"client/index.js","timestamp":"2014-12-25T12:16:27.142Z"}
{"status":500,"message":"Search error","level":"error","label":"rss/search.js","timestamp":"2014-12-25T12:16:27.143Z"}
{"level":"error","message":"Remote service disconnect.","label":"client/index.js","timestamp":"2014-12-25T12:18:21.761Z"}
{"level":"error","message":"Remote service disconnect.","label":"client/index.js","timestamp":"2014-12-25T12:19:13.971Z"}
{"status":500,"message":"Search error","level":"error","label":"rss/search.js","timestamp":"2014-12-25T12:23:55.035Z"}
{"level":"error","message":"Doesn't have connection to remote service","label":"client/index.js","timestamp":"2014-12-25T12:23:55.029Z"}
{"status":500,"message":"Search error","level":"error","label":"rss/search.js","timestamp":"2014-12-25T12:23:55.058Z"}
{"level":"error","message":"Doesn't have connection to remote service","label":"client/index.js","timestamp":"2014-12-25T12:23:55.057Z"}
{"level":"error","message":"","label":"mongooseDb/index.js","timestamp":"2014-12-25T15:30:39.053Z"}
{"level":"error","message":"","label":"mongooseDb/index.js","timestamp":"2014-12-25T15:30:39.013Z"}
{"level":"error","message":"","label":"mongooseDb/index.js","timestamp":"2014-12-25T15:30:40.016Z"}
{"level":"error","message":"","label":"mongooseDb/index.js","timestamp":"2014-12-25T15:30:40.058Z"}
{"level":"error","message":"","label":"mongooseDb/index.js","timestamp":"2014-12-25T15:30:41.019Z"}
{"level":"error","message":"","label":"mongooseDb/index.js","timestamp":"2014-12-25T15:30:41.061Z"}
{"level":"error","message":"","label":"mongooseDb/index.js","timestamp":"2014-12-25T15:30:42.022Z"}
{"level":"error","message":"","label":"mongooseDb/index.js","timestamp":"2014-12-25T15:30:42.064Z"}
{"level":"error","message":"500 invalid json","label":"api.service/index.js","timestamp":"2014-12-25T19:48:14.696Z"}
{"level":"error","message":"500 invalid json","label":"api.service/index.js","timestamp":"2014-12-25T19:48:29.223Z"}
{"level":"error","message":"Wrong login or password","label":"auth.service/api.js","timestamp":"2014-12-25T19:49:49.407Z"}
{"status":400,"message":"signin error","level":"error","label":"controllers/user.js","timestamp":"2014-12-25T19:49:49.415Z"}
{"level":"error","message":"Cannot find user","label":"auth.service/api.js","timestamp":"2014-12-25T19:50:24.625Z"}
{"level":"error","message":"Cannot find user","label":"middleware/checkAuth.js","timestamp":"2014-12-25T19:50:24.633Z"}
{"level":"error","message":"Remote service disconnect.","label":"client/index.js","timestamp":"2014-12-25T20:02:01.380Z"}
{"level":"error","message":"Remote service disconnect.","label":"client/index.js","timestamp":"2014-12-25T20:02:12.675Z"}
{"level":"error","message":"Remote service disconnect.","label":"client/index.js","timestamp":"2014-12-25T20:03:28.962Z"}
{"level":"error","message":"Remote service disconnect.","label":"client/index.js","timestamp":"2014-12-25T20:05:19.606Z"}
{"level":"error","message":"500 invalid json","label":"api.service/index.js","timestamp":"2014-12-25T20:12:44.212Z"}
{"level":"error","message":"500 invalid json","label":"api.service/index.js","timestamp":"2014-12-25T20:15:30.082Z"}
{"level":"error","message":"500 invalid json","label":"api.service/index.js","timestamp":"2014-12-25T20:18:07.241Z"}
{"level":"error","message":"Cannot find feed by id","label":"rss/feed.js","timestamp":"2014-12-25T20:23:59.394Z"}
{"level":"error","message":"Cannot find user","label":"auth.service/api.js","timestamp":"2014-12-25T20:31:40.148Z"}
{"level":"error","message":"Cannot find user","label":"middleware/checkAuth.js","timestamp":"2014-12-25T20:31:40.147Z"}
{"level":"error","message":"Cannot find user","label":"auth.service/api.js","timestamp":"2014-12-25T20:31:52.784Z"}
{"level":"error","message":"Cannot find user","label":"middleware/checkAuth.js","timestamp":"2014-12-25T20:31:52.787Z"}
{"level":"error","message":"500 invalid json","label":"api.service/index.js","timestamp":"2014-12-25T20:31:57.064Z"}
{"level":"error","message":"Wrong login or password","label":"auth.service/api.js","timestamp":"2014-12-25T20:32:10.179Z"}
{"status":400,"message":"signin error","level":"error","label":"controllers/user.js","timestamp":"2014-12-25T20:32:10.181Z"}
{"level":"error","message":"Wrong login or password","label":"auth.service/api.js","timestamp":"2014-12-25T20:32:12.230Z"}
{"status":400,"message":"signin error","level":"error","label":"controllers/user.js","timestamp":"2014-12-25T20:32:12.228Z"}
{"level":"error","message":"Wrong login or password","label":"auth.service/api.js","timestamp":"2014-12-25T20:32:14.805Z"}
{"status":400,"message":"signin error","level":"error","label":"controllers/user.js","timestamp":"2014-12-25T20:32:14.807Z"}
{"level":"error","message":"Wrong login or password","label":"auth.service/api.js","timestamp":"2014-12-25T20:32:20.429Z"}
{"status":400,"message":"signin error","level":"error","label":"controllers/user.js","timestamp":"2014-12-25T20:32:20.430Z"}
{"level":"error","message":"Wrong login or password","label":"auth.service/api.js","timestamp":"2014-12-25T20:32:24.439Z"}
{"status":400,"message":"signin error","level":"error","label":"controllers/user.js","timestamp":"2014-12-25T20:32:24.440Z"}
{"level":"error","message":"500 invalid json","label":"api.service/index.js","timestamp":"2014-12-25T20:42:28.863Z"}
{"level":"error","message":"500 invalid json","label":"api.service/index.js","timestamp":"2014-12-25T20:42:35.383Z"}
{"level":"error","message":"Please confirm account. Check your email","label":"auth.service/api.js","timestamp":"2014-12-25T21:21:11.017Z"}
{"status":400,"message":"signin error","level":"error","label":"controllers/user.js","timestamp":"2014-12-25T21:21:11.019Z"}
{"level":"error","message":"Please confirm account. Check your email","label":"auth.service/api.js","timestamp":"2014-12-25T21:21:14.342Z"}
{"status":400,"message":"signin error","level":"error","label":"controllers/user.js","timestamp":"2014-12-25T21:21:14.343Z"}
{"level":"error","message":"Cannot find user","label":"auth.service/api.js","timestamp":"2014-12-25T21:21:36.537Z"}
{"level":"error","message":"Cannot find user","label":"middleware/checkAuth.js","timestamp":"2014-12-25T21:21:36.539Z"}
