0 info it worked if it ends with ok
1 verbose cli [ '/usr/local/bin/node', '/usr/local/bin/npm', 'i' ]
2 info using npm@1.4.28
3 info using node@v0.10.33
4 warn package.json @ No description
5 warn package.json @ No repository field.
6 warn package.json @ No README data
7 verbose readDependencies using package.json deps
8 verbose install where, deps [ '/vagrant/server',
8 verbose install   [ 'express',
8 verbose install     'passport',
8 verbose install     'passport-local',
8 verbose install     'passport-http-bearer',
8 verbose install     'crypto-js',
8 verbose install     'validator',
8 verbose install     'body-parser',
8 verbose install     'jade',
8 verbose install     'express-session',
8 verbose install     'q',
8 verbose install     'kue',
8 verbose install     'nconf',
8 verbose install     'winston',
8 verbose install     'feedparser',
8 verbose install     'request',
8 verbose install     'async',
8 verbose install     'cron',
8 verbose install     'mongoose',
8 verbose install     'node-inspector',
8 verbose install     'dnode',
8 verbose install     'chai',
8 verbose install     'mocha',
8 verbose install     'sinon',
8 verbose install     'underscore' ] ]
9 info preinstall @
10 verbose readDependencies using package.json deps
11 verbose already installed skipping q@1.1.2 /vagrant/server
12 verbose already installed skipping kue@0.8.9 /vagrant/server
13 verbose already installed skipping nconf@0.6.9 /vagrant/server
14 verbose already installed skipping winston@0.8.3 /vagrant/server
15 verbose already installed skipping feedparser@0.19.2 /vagrant/server
16 verbose already installed skipping request@2.48.0 /vagrant/server
17 verbose already installed skipping async@0.9.0 /vagrant/server
18 verbose already installed skipping cron@1.0.5 /vagrant/server
19 verbose already installed skipping mongoose@3.8.19 /vagrant/server
20 verbose already installed skipping node-inspector@0.7.4 /vagrant/server
21 verbose already installed skipping dnode@1.2.0 /vagrant/server
22 verbose cache add [ 'chai@latest', null ]
23 verbose cache add name=undefined spec="chai@latest" args=["chai@latest",null]
24 verbose parsed url { protocol: null,
24 verbose parsed url   slashes: null,
24 verbose parsed url   auth: null,
24 verbose parsed url   host: null,
24 verbose parsed url   port: null,
24 verbose parsed url   hostname: null,
24 verbose parsed url   hash: null,
24 verbose parsed url   search: null,
24 verbose parsed url   query: null,
24 verbose parsed url   pathname: 'chai@latest',
24 verbose parsed url   path: 'chai@latest',
24 verbose parsed url   href: 'chai@latest' }
25 verbose cache add [ 'mocha@latest', null ]
26 verbose cache add name=undefined spec="mocha@latest" args=["mocha@latest",null]
27 verbose parsed url { protocol: null,
27 verbose parsed url   slashes: null,
27 verbose parsed url   auth: null,
27 verbose parsed url   host: null,
27 verbose parsed url   port: null,
27 verbose parsed url   hostname: null,
27 verbose parsed url   hash: null,
27 verbose parsed url   search: null,
27 verbose parsed url   query: null,
27 verbose parsed url   pathname: 'mocha@latest',
27 verbose parsed url   path: 'mocha@latest',
27 verbose parsed url   href: 'mocha@latest' }
28 verbose cache add [ 'sinon@latest', null ]
29 verbose cache add name=undefined spec="sinon@latest" args=["sinon@latest",null]
30 verbose parsed url { protocol: null,
30 verbose parsed url   slashes: null,
30 verbose parsed url   auth: null,
30 verbose parsed url   host: null,
30 verbose parsed url   port: null,
30 verbose parsed url   hostname: null,
30 verbose parsed url   hash: null,
30 verbose parsed url   search: null,
30 verbose parsed url   query: null,
30 verbose parsed url   pathname: 'sinon@latest',
30 verbose parsed url   path: 'sinon@latest',
30 verbose parsed url   href: 'sinon@latest' }
31 verbose cache add [ 'underscore@latest', null ]
32 verbose cache add name=undefined spec="underscore@latest" args=["underscore@latest",null]
33 verbose parsed url { protocol: null,
33 verbose parsed url   slashes: null,
33 verbose parsed url   auth: null,
33 verbose parsed url   host: null,
33 verbose parsed url   port: null,
33 verbose parsed url   hostname: null,
33 verbose parsed url   hash: null,
33 verbose parsed url   search: null,
33 verbose parsed url   query: null,
33 verbose parsed url   pathname: 'underscore@latest',
33 verbose parsed url   path: 'underscore@latest',
33 verbose parsed url   href: 'underscore@latest' }
34 verbose already installed skipping express@4.10.3 /vagrant/server
35 verbose already installed skipping passport@0.2.1 /vagrant/server
36 verbose cache add name="chai" spec="latest" args=["chai","latest"]
37 verbose parsed url { protocol: null,
37 verbose parsed url   slashes: null,
37 verbose parsed url   auth: null,
37 verbose parsed url   host: null,
37 verbose parsed url   port: null,
37 verbose parsed url   hostname: null,
37 verbose parsed url   hash: null,
37 verbose parsed url   search: null,
37 verbose parsed url   query: null,
37 verbose parsed url   pathname: 'latest',
37 verbose parsed url   path: 'latest',
37 verbose parsed url   href: 'latest' }
38 verbose addNamed [ 'chai', 'latest' ]
39 verbose addNamed [ null, null ]
40 verbose cache add name="mocha" spec="latest" args=["mocha","latest"]
41 verbose parsed url { protocol: null,
41 verbose parsed url   slashes: null,
41 verbose parsed url   auth: null,
41 verbose parsed url   host: null,
41 verbose parsed url   port: null,
41 verbose parsed url   hostname: null,
41 verbose parsed url   hash: null,
41 verbose parsed url   search: null,
41 verbose parsed url   query: null,
41 verbose parsed url   pathname: 'latest',
41 verbose parsed url   path: 'latest',
41 verbose parsed url   href: 'latest' }
42 verbose addNamed [ 'mocha', 'latest' ]
43 verbose addNamed [ null, null ]
44 verbose cache add name="sinon" spec="latest" args=["sinon","latest"]
45 verbose parsed url { protocol: null,
45 verbose parsed url   slashes: null,
45 verbose parsed url   auth: null,
45 verbose parsed url   host: null,
45 verbose parsed url   port: null,
45 verbose parsed url   hostname: null,
45 verbose parsed url   hash: null,
45 verbose parsed url   search: null,
45 verbose parsed url   query: null,
45 verbose parsed url   pathname: 'latest',
45 verbose parsed url   path: 'latest',
45 verbose parsed url   href: 'latest' }
46 verbose addNamed [ 'sinon', 'latest' ]
47 verbose addNamed [ null, null ]
48 verbose cache add name="underscore" spec="latest" args=["underscore","latest"]
49 verbose parsed url { protocol: null,
49 verbose parsed url   slashes: null,
49 verbose parsed url   auth: null,
49 verbose parsed url   host: null,
49 verbose parsed url   port: null,
49 verbose parsed url   hostname: null,
49 verbose parsed url   hash: null,
49 verbose parsed url   search: null,
49 verbose parsed url   query: null,
49 verbose parsed url   pathname: 'latest',
49 verbose parsed url   path: 'latest',
49 verbose parsed url   href: 'latest' }
50 verbose addNamed [ 'underscore', 'latest' ]
51 verbose addNamed [ null, null ]
52 silly lockFile 332f8fe7-chai-latest chai@latest
53 verbose lock chai@latest /home/vagrant/.npm/332f8fe7-chai-latest.lock
54 silly lockFile 12215997-mocha-latest mocha@latest
55 verbose lock mocha@latest /home/vagrant/.npm/12215997-mocha-latest.lock
56 silly lockFile 2afeecab-sinon-latest sinon@latest
57 verbose lock sinon@latest /home/vagrant/.npm/2afeecab-sinon-latest.lock
58 silly lockFile 546e1155-underscore-latest underscore@latest
59 verbose lock underscore@latest /home/vagrant/.npm/546e1155-underscore-latest.lock
60 verbose already installed skipping passport-local@1.0.0 /vagrant/server
61 verbose already installed skipping passport-http-bearer@1.0.1 /vagrant/server
62 verbose cache add [ 'crypto-js@latest', null ]
63 verbose cache add name=undefined spec="crypto-js@latest" args=["crypto-js@latest",null]
64 verbose parsed url { protocol: null,
64 verbose parsed url   slashes: null,
64 verbose parsed url   auth: null,
64 verbose parsed url   host: null,
64 verbose parsed url   port: null,
64 verbose parsed url   hostname: null,
64 verbose parsed url   hash: null,
64 verbose parsed url   search: null,
64 verbose parsed url   query: null,
64 verbose parsed url   pathname: 'crypto-js@latest',
64 verbose parsed url   path: 'crypto-js@latest',
64 verbose parsed url   href: 'crypto-js@latest' }
65 verbose cache add [ 'validator@latest', null ]
66 verbose cache add name=undefined spec="validator@latest" args=["validator@latest",null]
67 verbose parsed url { protocol: null,
67 verbose parsed url   slashes: null,
67 verbose parsed url   auth: null,
67 verbose parsed url   host: null,
67 verbose parsed url   port: null,
67 verbose parsed url   hostname: null,
67 verbose parsed url   hash: null,
67 verbose parsed url   search: null,
67 verbose parsed url   query: null,
67 verbose parsed url   pathname: 'validator@latest',
67 verbose parsed url   path: 'validator@latest',
67 verbose parsed url   href: 'validator@latest' }
68 verbose cache add name="crypto-js" spec="latest" args=["crypto-js","latest"]
69 verbose parsed url { protocol: null,
69 verbose parsed url   slashes: null,
69 verbose parsed url   auth: null,
69 verbose parsed url   host: null,
69 verbose parsed url   port: null,
69 verbose parsed url   hostname: null,
69 verbose parsed url   hash: null,
69 verbose parsed url   search: null,
69 verbose parsed url   query: null,
69 verbose parsed url   pathname: 'latest',
69 verbose parsed url   path: 'latest',
69 verbose parsed url   href: 'latest' }
70 verbose addNamed [ 'crypto-js', 'latest' ]
71 verbose addNamed [ null, null ]
72 silly lockFile 94b20bd9-crypto-js-latest crypto-js@latest
73 verbose lock crypto-js@latest /home/vagrant/.npm/94b20bd9-crypto-js-latest.lock
74 verbose cache add [ 'body-parser@latest', null ]
75 verbose cache add name=undefined spec="body-parser@latest" args=["body-parser@latest",null]
76 verbose parsed url { protocol: null,
76 verbose parsed url   slashes: null,
76 verbose parsed url   auth: null,
76 verbose parsed url   host: null,
76 verbose parsed url   port: null,
76 verbose parsed url   hostname: null,
76 verbose parsed url   hash: null,
76 verbose parsed url   search: null,
76 verbose parsed url   query: null,
76 verbose parsed url   pathname: 'body-parser@latest',
76 verbose parsed url   path: 'body-parser@latest',
76 verbose parsed url   href: 'body-parser@latest' }
77 verbose cache add [ 'jade@latest', null ]
78 verbose cache add name=undefined spec="jade@latest" args=["jade@latest",null]
79 verbose parsed url { protocol: null,
79 verbose parsed url   slashes: null,
79 verbose parsed url   auth: null,
79 verbose parsed url   host: null,
79 verbose parsed url   port: null,
79 verbose parsed url   hostname: null,
79 verbose parsed url   hash: null,
79 verbose parsed url   search: null,
79 verbose parsed url   query: null,
79 verbose parsed url   pathname: 'jade@latest',
79 verbose parsed url   path: 'jade@latest',
79 verbose parsed url   href: 'jade@latest' }
80 verbose cache add name="validator" spec="latest" args=["validator","latest"]
81 verbose parsed url { protocol: null,
81 verbose parsed url   slashes: null,
81 verbose parsed url   auth: null,
81 verbose parsed url   host: null,
81 verbose parsed url   port: null,
81 verbose parsed url   hostname: null,
81 verbose parsed url   hash: null,
81 verbose parsed url   search: null,
81 verbose parsed url   query: null,
81 verbose parsed url   pathname: 'latest',
81 verbose parsed url   path: 'latest',
81 verbose parsed url   href: 'latest' }
82 verbose addNamed [ 'validator', 'latest' ]
83 verbose addNamed [ null, null ]
84 silly lockFile 7e080cc4-validator-latest validator@latest
85 verbose lock validator@latest /home/vagrant/.npm/7e080cc4-validator-latest.lock
86 info addNameTag [ 'chai', 'latest' ]
87 info addNameTag [ 'mocha', 'latest' ]
88 info addNameTag [ 'sinon', 'latest' ]
89 info addNameTag [ 'underscore', 'latest' ]
90 verbose cache add name="body-parser" spec="latest" args=["body-parser","latest"]
91 verbose parsed url { protocol: null,
91 verbose parsed url   slashes: null,
91 verbose parsed url   auth: null,
91 verbose parsed url   host: null,
91 verbose parsed url   port: null,
91 verbose parsed url   hostname: null,
91 verbose parsed url   hash: null,
91 verbose parsed url   search: null,
91 verbose parsed url   query: null,
91 verbose parsed url   pathname: 'latest',
91 verbose parsed url   path: 'latest',
91 verbose parsed url   href: 'latest' }
92 verbose addNamed [ 'body-parser', 'latest' ]
93 verbose addNamed [ null, null ]
94 silly lockFile 88319797-body-parser-latest body-parser@latest
95 verbose lock body-parser@latest /home/vagrant/.npm/88319797-body-parser-latest.lock
96 verbose cache add [ 'express-session@latest', null ]
97 verbose cache add name=undefined spec="express-session@latest" args=["express-session@latest",null]
98 verbose parsed url { protocol: null,
98 verbose parsed url   slashes: null,
98 verbose parsed url   auth: null,
98 verbose parsed url   host: null,
98 verbose parsed url   port: null,
98 verbose parsed url   hostname: null,
98 verbose parsed url   hash: null,
98 verbose parsed url   search: null,
98 verbose parsed url   query: null,
98 verbose parsed url   pathname: 'express-session@latest',
98 verbose parsed url   path: 'express-session@latest',
98 verbose parsed url   href: 'express-session@latest' }
99 verbose cache add name="jade" spec="latest" args=["jade","latest"]
100 verbose parsed url { protocol: null,
100 verbose parsed url   slashes: null,
100 verbose parsed url   auth: null,
100 verbose parsed url   host: null,
100 verbose parsed url   port: null,
100 verbose parsed url   hostname: null,
100 verbose parsed url   hash: null,
100 verbose parsed url   search: null,
100 verbose parsed url   query: null,
100 verbose parsed url   pathname: 'latest',
100 verbose parsed url   path: 'latest',
100 verbose parsed url   href: 'latest' }
101 verbose addNamed [ 'jade', 'latest' ]
102 verbose addNamed [ null, null ]
103 silly lockFile 50c7aeb0-jade-latest jade@latest
104 verbose lock jade@latest /home/vagrant/.npm/50c7aeb0-jade-latest.lock
105 info addNameTag [ 'crypto-js', 'latest' ]
106 verbose cache add name="express-session" spec="latest" args=["express-session","latest"]
107 verbose parsed url { protocol: null,
107 verbose parsed url   slashes: null,
107 verbose parsed url   auth: null,
107 verbose parsed url   host: null,
107 verbose parsed url   port: null,
107 verbose parsed url   hostname: null,
107 verbose parsed url   hash: null,
107 verbose parsed url   search: null,
107 verbose parsed url   query: null,
107 verbose parsed url   pathname: 'latest',
107 verbose parsed url   path: 'latest',
107 verbose parsed url   href: 'latest' }
108 verbose addNamed [ 'express-session', 'latest' ]
109 verbose addNamed [ null, null ]
110 silly lockFile fa47ee87-express-session-latest express-session@latest
111 verbose lock express-session@latest /home/vagrant/.npm/fa47ee87-express-session-latest.lock
112 info addNameTag [ 'validator', 'latest' ]
113 info addNameTag [ 'body-parser', 'latest' ]
114 info addNameTag [ 'jade', 'latest' ]
115 info addNameTag [ 'express-session', 'latest' ]
116 verbose request where is /chai
117 verbose request registry https://registry.npmjs.org/
118 verbose request id 8301588adff5096e
119 verbose url raw /chai
120 verbose url resolving [ 'https://registry.npmjs.org/', './chai' ]
121 verbose url resolved https://registry.npmjs.org/chai
122 verbose request where is https://registry.npmjs.org/chai
123 info trying registry request attempt 1 at 04:56:02
124 verbose etag "26N5D15MGLM6Q07UC6YRARO3P"
125 http GET https://registry.npmjs.org/chai
126 verbose request where is /underscore
127 verbose request registry https://registry.npmjs.org/
128 verbose url raw /underscore
129 verbose url resolving [ 'https://registry.npmjs.org/', './underscore' ]
130 verbose url resolved https://registry.npmjs.org/underscore
131 verbose request where is https://registry.npmjs.org/underscore
132 info trying registry request attempt 1 at 04:56:02
133 verbose etag "2WS5JSFY1XBQJ46A5JW4DQT40"
134 http GET https://registry.npmjs.org/underscore
135 verbose request where is /sinon
136 verbose request registry https://registry.npmjs.org/
137 verbose url raw /sinon
138 verbose url resolving [ 'https://registry.npmjs.org/', './sinon' ]
139 verbose url resolved https://registry.npmjs.org/sinon
140 verbose request where is https://registry.npmjs.org/sinon
141 info trying registry request attempt 1 at 04:56:02
142 verbose etag "794SRB8OIVNWW7HWYEWBZRDC7"
143 http GET https://registry.npmjs.org/sinon
144 verbose request where is /mocha
145 verbose request registry https://registry.npmjs.org/
146 verbose url raw /mocha
147 verbose url resolving [ 'https://registry.npmjs.org/', './mocha' ]
148 verbose url resolved https://registry.npmjs.org/mocha
149 verbose request where is https://registry.npmjs.org/mocha
150 info trying registry request attempt 1 at 04:56:02
151 verbose etag "DECXNSAT2O8A3RO1NU60A7RWU"
152 http GET https://registry.npmjs.org/mocha
153 verbose request where is /validator
154 verbose request registry https://registry.npmjs.org/
155 verbose url raw /validator
156 verbose url resolving [ 'https://registry.npmjs.org/', './validator' ]
157 verbose url resolved https://registry.npmjs.org/validator
158 verbose request where is https://registry.npmjs.org/validator
159 info trying registry request attempt 1 at 04:56:02
160 verbose etag "8F4BGJD86767QQFEI8JFJQQND"
161 http GET https://registry.npmjs.org/validator
162 verbose request where is /crypto-js
163 verbose request registry https://registry.npmjs.org/
164 verbose url raw /crypto-js
165 verbose url resolving [ 'https://registry.npmjs.org/', './crypto-js' ]
166 verbose url resolved https://registry.npmjs.org/crypto-js
167 verbose request where is https://registry.npmjs.org/crypto-js
168 info trying registry request attempt 1 at 04:56:02
169 verbose etag "5FMMBTZSYL2I4DNFFDCG8UCCB"
170 http GET https://registry.npmjs.org/crypto-js
171 verbose request where is /jade
172 verbose request registry https://registry.npmjs.org/
173 verbose url raw /jade
174 verbose url resolving [ 'https://registry.npmjs.org/', './jade' ]
175 verbose url resolved https://registry.npmjs.org/jade
176 verbose request where is https://registry.npmjs.org/jade
177 info trying registry request attempt 1 at 04:56:02
178 verbose etag "DAZXUQ1JU7ENX2GSO0T10QKKI"
179 http GET https://registry.npmjs.org/jade
180 verbose request where is /body-parser
181 verbose request registry https://registry.npmjs.org/
182 verbose url raw /body-parser
183 verbose url resolving [ 'https://registry.npmjs.org/', './body-parser' ]
184 verbose url resolved https://registry.npmjs.org/body-parser
185 verbose request where is https://registry.npmjs.org/body-parser
186 info trying registry request attempt 1 at 04:56:03
187 verbose etag "8WI53TSWIZVL7KQ451NDC9ZTH"
188 http GET https://registry.npmjs.org/body-parser
189 verbose request where is /express-session
190 verbose request registry https://registry.npmjs.org/
191 verbose url raw /express-session
192 verbose url resolving [ 'https://registry.npmjs.org/', './express-session' ]
193 verbose url resolved https://registry.npmjs.org/express-session
194 verbose request where is https://registry.npmjs.org/express-session
195 info trying registry request attempt 1 at 04:56:03
196 verbose etag "TK4P126FRNO73GLU8NZTZ2C3"
197 http GET https://registry.npmjs.org/express-session
198 http 304 https://registry.npmjs.org/underscore
199 silly registry.get cb [ 304,
199 silly registry.get   { date: 'Wed, 24 Dec 2014 04:56:03 GMT',
199 silly registry.get     server: 'Apache',
199 silly registry.get     via: '1.1 varnish',
199 silly registry.get     'last-modified': 'Wed, 24 Dec 2014 04:56:03 GMT',
199 silly registry.get     'cache-control': 'max-age=60',
199 silly registry.get     etag: '"2WS5JSFY1XBQJ46A5JW4DQT40"',
199 silly registry.get     age: '52',
199 silly registry.get     'x-served-by': 'cache-fra1220-FRA',
199 silly registry.get     'x-cache': 'HIT',
199 silly registry.get     'x-cache-hits': '1',
199 silly registry.get     'x-timer': 'S1419396963.176195,VS0,VE0',
199 silly registry.get     vary: 'Accept',
199 silly registry.get     'content-length': '0',
199 silly registry.get     'keep-alive': 'timeout=10, max=50',
199 silly registry.get     connection: 'Keep-Alive' } ]
200 verbose etag https://registry.npmjs.org/underscore from cache
201 verbose addNamed [ 'underscore', '1.7.0' ]
202 verbose addNamed [ '1.7.0', '1.7.0' ]
203 silly lockFile 900da168-underscore-1-7-0 underscore@1.7.0
204 verbose lock underscore@1.7.0 /home/vagrant/.npm/900da168-underscore-1-7-0.lock
205 silly lockFile 900da168-underscore-1-7-0 underscore@1.7.0
206 silly lockFile 900da168-underscore-1-7-0 underscore@1.7.0
207 silly lockFile 546e1155-underscore-latest underscore@latest
208 silly lockFile 546e1155-underscore-latest underscore@latest
209 info already installed underscore@1.7.0
210 http 304 https://registry.npmjs.org/chai
211 silly registry.get cb [ 304,
211 silly registry.get   { date: 'Wed, 24 Dec 2014 04:56:03 GMT',
211 silly registry.get     server: 'Apache',
211 silly registry.get     via: '1.1 varnish',
211 silly registry.get     'last-modified': 'Wed, 24 Dec 2014 04:56:03 GMT',
211 silly registry.get     'cache-control': 'max-age=60',
211 silly registry.get     etag: '"26N5D15MGLM6Q07UC6YRARO3P"',
211 silly registry.get     age: '0',
211 silly registry.get     'x-served-by': 'cache-fra1243-FRA',
211 silly registry.get     'x-cache': 'HIT',
211 silly registry.get     'x-cache-hits': '1',
211 silly registry.get     'x-timer': 'S1419396963.138088,VS0,VE711',
211 silly registry.get     vary: 'Accept',
211 silly registry.get     'content-length': '0',
211 silly registry.get     'keep-alive': 'timeout=10, max=50',
211 silly registry.get     connection: 'Keep-Alive' } ]
212 verbose etag https://registry.npmjs.org/chai from cache
213 http 304 https://registry.npmjs.org/validator
214 silly registry.get cb [ 304,
214 silly registry.get   { date: 'Wed, 24 Dec 2014 04:56:03 GMT',
214 silly registry.get     server: 'Apache',
214 silly registry.get     via: '1.1 varnish',
214 silly registry.get     'last-modified': 'Wed, 24 Dec 2014 04:56:03 GMT',
214 silly registry.get     'cache-control': 'max-age=60',
214 silly registry.get     etag: '"8F4BGJD86767QQFEI8JFJQQND"',
214 silly registry.get     age: '0',
214 silly registry.get     'x-served-by': 'cache-fra1235-FRA',
214 silly registry.get     'x-cache': 'HIT',
214 silly registry.get     'x-cache-hits': '1',
214 silly registry.get     'x-timer': 'S1419396963.164241,VS0,VE690',
214 silly registry.get     vary: 'Accept',
214 silly registry.get     'content-length': '0',
214 silly registry.get     'keep-alive': 'timeout=10, max=50',
214 silly registry.get     connection: 'Keep-Alive' } ]
215 verbose etag https://registry.npmjs.org/validator from cache
216 http 304 https://registry.npmjs.org/mocha
217 silly registry.get cb [ 304,
217 silly registry.get   { date: 'Wed, 24 Dec 2014 04:56:03 GMT',
217 silly registry.get     server: 'Apache',
217 silly registry.get     via: '1.1 varnish',
217 silly registry.get     'last-modified': 'Wed, 24 Dec 2014 04:56:03 GMT',
217 silly registry.get     'cache-control': 'max-age=60',
217 silly registry.get     etag: '"DECXNSAT2O8A3RO1NU60A7RWU"',
217 silly registry.get     age: '0',
217 silly registry.get     'x-served-by': 'cache-fra1249-FRA',
217 silly registry.get     'x-cache': 'HIT',
217 silly registry.get     'x-cache-hits': '1',
217 silly registry.get     'x-timer': 'S1419396963.172584,VS0,VE696',
217 silly registry.get     vary: 'Accept',
217 silly registry.get     'content-length': '0',
217 silly registry.get     'keep-alive': 'timeout=10, max=50',
217 silly registry.get     connection: 'Keep-Alive' } ]
218 verbose etag https://registry.npmjs.org/mocha from cache
219 http 304 https://registry.npmjs.org/sinon
220 silly registry.get cb [ 304,
220 silly registry.get   { date: 'Wed, 24 Dec 2014 04:56:03 GMT',
220 silly registry.get     server: 'Apache',
220 silly registry.get     via: '1.1 varnish',
220 silly registry.get     'last-modified': 'Wed, 24 Dec 2014 04:56:03 GMT',
220 silly registry.get     'cache-control': 'max-age=60',
220 silly registry.get     etag: '"794SRB8OIVNWW7HWYEWBZRDC7"',
220 silly registry.get     age: '0',
220 silly registry.get     'x-served-by': 'cache-fra1225-FRA',
220 silly registry.get     'x-cache': 'HIT',
220 silly registry.get     'x-cache-hits': '1',
220 silly registry.get     'x-timer': 'S1419396963.161970,VS0,VE712',
220 silly registry.get     vary: 'Accept',
220 silly registry.get     'content-length': '0',
220 silly registry.get     'keep-alive': 'timeout=10, max=50',
220 silly registry.get     connection: 'Keep-Alive' } ]
221 verbose etag https://registry.npmjs.org/sinon from cache
222 verbose addNamed [ 'chai', '1.10.0' ]
223 verbose addNamed [ '1.10.0', '1.10.0' ]
224 silly lockFile 6724da50-chai-1-10-0 chai@1.10.0
225 verbose lock chai@1.10.0 /home/vagrant/.npm/6724da50-chai-1-10-0.lock
226 verbose addNamed [ 'validator', '3.26.0' ]
227 verbose addNamed [ '3.26.0', '3.26.0' ]
228 silly lockFile 9e79a94a-validator-3-26-0 validator@3.26.0
229 verbose lock validator@3.26.0 /home/vagrant/.npm/9e79a94a-validator-3-26-0.lock
230 verbose addNamed [ 'mocha', '2.1.0' ]
231 verbose addNamed [ '2.1.0', '2.1.0' ]
232 silly lockFile f9a4f261-mocha-2-1-0 mocha@2.1.0
233 verbose lock mocha@2.1.0 /home/vagrant/.npm/f9a4f261-mocha-2-1-0.lock
234 http 304 https://registry.npmjs.org/body-parser
235 silly registry.get cb [ 304,
235 silly registry.get   { date: 'Wed, 24 Dec 2014 04:56:03 GMT',
235 silly registry.get     server: 'Apache',
235 silly registry.get     via: '1.1 varnish',
235 silly registry.get     'last-modified': 'Wed, 24 Dec 2014 04:56:03 GMT',
235 silly registry.get     'cache-control': 'max-age=60',
235 silly registry.get     etag: '"8WI53TSWIZVL7KQ451NDC9ZTH"',
235 silly registry.get     age: '37',
235 silly registry.get     'x-served-by': 'cache-fra1235-FRA',
235 silly registry.get     'x-cache': 'HIT',
235 silly registry.get     'x-cache-hits': '1',
235 silly registry.get     'x-timer': 'S1419396963.890461,VS0,VE0',
235 silly registry.get     vary: 'Accept',
235 silly registry.get     'content-length': '0',
235 silly registry.get     'keep-alive': 'timeout=10, max=49',
235 silly registry.get     connection: 'Keep-Alive' } ]
236 verbose etag https://registry.npmjs.org/body-parser from cache
237 verbose addNamed [ 'sinon', '1.12.2' ]
238 verbose addNamed [ '1.12.2', '1.12.2' ]
239 silly lockFile 9755b9b7-sinon-1-12-2 sinon@1.12.2
240 verbose lock sinon@1.12.2 /home/vagrant/.npm/9755b9b7-sinon-1-12-2.lock
241 verbose addNamed [ 'body-parser', '1.10.0' ]
242 verbose addNamed [ '1.10.0', '1.10.0' ]
243 silly lockFile 17c720c0-body-parser-1-10-0 body-parser@1.10.0
244 verbose lock body-parser@1.10.0 /home/vagrant/.npm/17c720c0-body-parser-1-10-0.lock
245 silly lockFile 9755b9b7-sinon-1-12-2 sinon@1.12.2
246 silly lockFile 9755b9b7-sinon-1-12-2 sinon@1.12.2
247 silly lockFile 2afeecab-sinon-latest sinon@latest
248 silly lockFile 2afeecab-sinon-latest sinon@latest
249 silly lockFile 6724da50-chai-1-10-0 chai@1.10.0
250 silly lockFile 6724da50-chai-1-10-0 chai@1.10.0
251 silly lockFile 332f8fe7-chai-latest chai@latest
252 silly lockFile 332f8fe7-chai-latest chai@latest
253 silly lockFile f9a4f261-mocha-2-1-0 mocha@2.1.0
254 silly lockFile f9a4f261-mocha-2-1-0 mocha@2.1.0
255 silly lockFile 12215997-mocha-latest mocha@latest
256 silly lockFile 12215997-mocha-latest mocha@latest
257 info already installed sinon@1.12.2
258 info already installed chai@1.10.0
259 silly lockFile 17c720c0-body-parser-1-10-0 body-parser@1.10.0
260 silly lockFile 17c720c0-body-parser-1-10-0 body-parser@1.10.0
261 silly lockFile 9e79a94a-validator-3-26-0 validator@3.26.0
262 silly lockFile 9e79a94a-validator-3-26-0 validator@3.26.0
263 silly lockFile 88319797-body-parser-latest body-parser@latest
264 silly lockFile 88319797-body-parser-latest body-parser@latest
265 silly lockFile 7e080cc4-validator-latest validator@latest
266 silly lockFile 7e080cc4-validator-latest validator@latest
267 info already installed mocha@2.1.0
268 info already installed body-parser@1.10.0
269 info already installed validator@3.26.0
270 http 304 https://registry.npmjs.org/crypto-js
271 silly registry.get cb [ 304,
271 silly registry.get   { date: 'Wed, 24 Dec 2014 04:56:03 GMT',
271 silly registry.get     server: 'Apache',
271 silly registry.get     via: '1.1 varnish',
271 silly registry.get     'last-modified': 'Wed, 24 Dec 2014 04:56:03 GMT',
271 silly registry.get     'cache-control': 'max-age=60',
271 silly registry.get     etag: '"5FMMBTZSYL2I4DNFFDCG8UCCB"',
271 silly registry.get     age: '0',
271 silly registry.get     'x-served-by': 'cache-fra1220-FRA',
271 silly registry.get     'x-cache': 'HIT',
271 silly registry.get     'x-cache-hits': '1',
271 silly registry.get     'x-timer': 'S1419396963.221722,VS0,VE722',
271 silly registry.get     vary: 'Accept',
271 silly registry.get     'content-length': '0',
271 silly registry.get     'keep-alive': 'timeout=10, max=49',
271 silly registry.get     connection: 'Keep-Alive' } ]
272 verbose etag https://registry.npmjs.org/crypto-js from cache
273 verbose addNamed [ 'crypto-js', '3.1.2-5' ]
274 verbose addNamed [ '3.1.2-5', '3.1.2-5' ]
275 silly lockFile 36dd57bc-crypto-js-3-1-2-5 crypto-js@3.1.2-5
276 verbose lock crypto-js@3.1.2-5 /home/vagrant/.npm/36dd57bc-crypto-js-3-1-2-5.lock
277 silly lockFile 36dd57bc-crypto-js-3-1-2-5 crypto-js@3.1.2-5
278 silly lockFile 36dd57bc-crypto-js-3-1-2-5 crypto-js@3.1.2-5
279 silly lockFile 94b20bd9-crypto-js-latest crypto-js@latest
280 silly lockFile 94b20bd9-crypto-js-latest crypto-js@latest
281 info already installed crypto-js@3.1.2-5
282 http 304 https://registry.npmjs.org/jade
283 silly registry.get cb [ 304,
283 silly registry.get   { date: 'Wed, 24 Dec 2014 04:56:03 GMT',
283 silly registry.get     server: 'Apache',
283 silly registry.get     via: '1.1 varnish',
283 silly registry.get     'last-modified': 'Wed, 24 Dec 2014 04:56:04 GMT',
283 silly registry.get     'cache-control': 'max-age=60',
283 silly registry.get     etag: '"DAZXUQ1JU7ENX2GSO0T10QKKI"',
283 silly registry.get     age: '0',
283 silly registry.get     'x-served-by': 'cache-fra1243-FRA',
283 silly registry.get     'x-cache': 'HIT',
283 silly registry.get     'x-cache-hits': '1',
283 silly registry.get     'x-timer': 'S1419396963.886882,VS0,VE173',
283 silly registry.get     vary: 'Accept',
283 silly registry.get     'content-length': '0',
283 silly registry.get     'keep-alive': 'timeout=10, max=49',
283 silly registry.get     connection: 'Keep-Alive' } ]
284 verbose etag https://registry.npmjs.org/jade from cache
285 verbose addNamed [ 'jade', '1.8.2' ]
286 verbose addNamed [ '1.8.2', '1.8.2' ]
287 silly lockFile c5c4fb28-jade-1-8-2 jade@1.8.2
288 verbose lock jade@1.8.2 /home/vagrant/.npm/c5c4fb28-jade-1-8-2.lock
289 silly lockFile c5c4fb28-jade-1-8-2 jade@1.8.2
290 silly lockFile c5c4fb28-jade-1-8-2 jade@1.8.2
291 silly lockFile 50c7aeb0-jade-latest jade@latest
292 silly lockFile 50c7aeb0-jade-latest jade@latest
293 info already installed jade@1.8.2
294 http 200 https://registry.npmjs.org/express-session
295 silly registry.get cb [ 200,
295 silly registry.get   { date: 'Wed, 24 Dec 2014 04:56:04 GMT',
295 silly registry.get     server: 'CouchDB/1.5.0 (Erlang OTP/R16B03)',
295 silly registry.get     etag: '"AWO8QBKHPCP0CK0ZM14825EFK"',
295 silly registry.get     'content-type': 'application/json',
295 silly registry.get     'cache-control': 'max-age=60',
295 silly registry.get     'content-length': '64696',
295 silly registry.get     'accept-ranges': 'bytes',
295 silly registry.get     via: '1.1 varnish',
295 silly registry.get     age: '0',
295 silly registry.get     'x-served-by': 'cache-fra1249-FRA',
295 silly registry.get     'x-cache': 'HIT',
295 silly registry.get     'x-cache-hits': '1',
295 silly registry.get     'x-timer': 'S1419396963.907854,VS0,VE708',
295 silly registry.get     vary: 'Accept',
295 silly registry.get     'keep-alive': 'timeout=10, max=49',
295 silly registry.get     connection: 'Keep-Alive' } ]
296 verbose addNamed [ 'express-session', '1.9.3' ]
297 verbose addNamed [ '1.9.3', '1.9.3' ]
298 silly lockFile b367e894-express-session-1-9-3 express-session@1.9.3
299 verbose lock express-session@1.9.3 /home/vagrant/.npm/b367e894-express-session-1-9-3.lock
300 silly lockFile 112fba45-ession-express-session-1-9-3-tgz https://registry.npmjs.org/express-session/-/express-session-1.9.3.tgz
301 verbose lock https://registry.npmjs.org/express-session/-/express-session-1.9.3.tgz /home/vagrant/.npm/112fba45-ession-express-session-1-9-3-tgz.lock
302 verbose addRemoteTarball [ 'https://registry.npmjs.org/express-session/-/express-session-1.9.3.tgz',
302 verbose addRemoteTarball   '7d2fc387af6fd928775213bfe9d635a5705a84ce' ]
303 info retry fetch attempt 1 at 04:56:04
304 verbose fetch to= /tmp/npm-2892-gm0A0HQj/registry.npmjs.org/express-session/-/express-session-1.9.3.tgz
305 http GET https://registry.npmjs.org/express-session/-/express-session-1.9.3.tgz
306 http 200 https://registry.npmjs.org/express-session/-/express-session-1.9.3.tgz
307 silly lockFile 112fba45-ession-express-session-1-9-3-tgz https://registry.npmjs.org/express-session/-/express-session-1.9.3.tgz
308 silly lockFile 112fba45-ession-express-session-1-9-3-tgz https://registry.npmjs.org/express-session/-/express-session-1.9.3.tgz
309 silly lockFile b367e894-express-session-1-9-3 express-session@1.9.3
310 silly lockFile b367e894-express-session-1-9-3 express-session@1.9.3
311 silly lockFile fa47ee87-express-session-latest express-session@latest
312 silly lockFile fa47ee87-express-session-latest express-session@latest
313 error Error: EACCES, mkdir '/home/vagrant/.npm/express-session/1.9.3'
313 error  { [Error: EACCES, mkdir '/home/vagrant/.npm/express-session/1.9.3']
313 error   errno: 3,
313 error   code: 'EACCES',
313 error   path: '/home/vagrant/.npm/express-session/1.9.3' }
314 error Please try running this command again as root/Administrator.
315 error System Linux 3.2.0-23-generic
316 error command "/usr/local/bin/node" "/usr/local/bin/npm" "i"
317 error cwd /vagrant/server
318 error node -v v0.10.33
319 error npm -v 1.4.28
320 error path /home/vagrant/.npm/express-session/1.9.3
321 error code EACCES
322 error errno 3
323 error stack Error: EACCES, mkdir '/home/vagrant/.npm/express-session/1.9.3'
324 verbose exit [ 3, true ]
